\BOOKMARK [1][-]{section.2}{\376\377\000I\000n\000t\000r\000o\000d\000u\000c\000t\000i\000o\000n}{}% 1
\BOOKMARK [1][-]{section.3}{\376\377\000B\000a\000c\000k\000g\000r\000o\000u\000n\000d}{}% 2
\BOOKMARK [1][-]{section.12}{\376\377\000O\000O\000D\000\040\000d\000e\000t\000e\000c\000t\000i\000o\000n\000\040\000i\000n\000\040\000m\000u\000l\000t\000i\000-\000c\000l\000a\000s\000s\000\040\000s\000e\000t\000t\000i\000n\000g}{}% 3
\BOOKMARK [2][-]{subsection.13}{\376\377\000M\000S\000P\000\040\000d\000e\000t\000e\000c\000t\000o\000r}{section.12}% 4
\BOOKMARK [2][-]{subsection.15}{\376\377\000O\000u\000t\000-\000o\000f\000-\000D\000I\000s\000t\000r\000i\000b\000u\000t\000i\000o\000n\000\040\000d\000e\000t\000e\000c\000t\000o\000r\000\040\000f\000o\000r\000\040\000N\000e\000u\000r\000a\000l\000\040\000n\000e\000t\000w\000o\000r\000k\000s\000\040\000\050\000O\000D\000I\000N\000\051}{section.12}% 5
\BOOKMARK [2][-]{subsection.17}{\376\377\000M\000a\000h\000a\000l\000a\000n\000o\000b\000i\000s\000\040\000d\000i\000s\000t\000a\000n\000c\000e\000\040\000d\000e\000t\000e\000c\000t\000o\000r}{section.12}% 6
\BOOKMARK [2][-]{subsection.19}{\376\377\000E\000n\000e\000r\000g\000y\000-\000b\000a\000s\000e\000d\000\040\000d\000e\000t\000e\000c\000t\000o\000r}{section.12}% 7
\BOOKMARK [2][-]{subsection.22}{\376\377\000F\000a\000s\000t\000\040\000O\000u\000t\000-\000O\000f\000-\000D\000i\000s\000t\000r\000i\000b\000u\000t\000i\000o\000n\000\040\000D\000e\000t\000e\000c\000t\000o\000r\000\040\000\050\000F\000O\000O\000D\000\051}{section.12}% 8
\BOOKMARK [2][-]{subsection.24}{\376\377\000G\000r\000a\000d\000N\000o\000r\000m}{section.12}% 9
\BOOKMARK [1][-]{section.30}{\376\377\000O\000O\000D\000\040\000d\000e\000t\000e\000c\000t\000i\000o\000n\000\040\000i\000n\000\040\000m\000u\000l\000t\000i\000-\000l\000a\000b\000e\000l\000\040\000s\000e\000t\000t\000i\000n\000g}{}% 10
\BOOKMARK [2][-]{subsection.31}{\376\377\000J\000o\000i\000n\000t\000E\000n\000e\000r\000g\000y\000\040\000d\000e\000t\000e\000c\000t\000o\000r}{section.30}% 11
\BOOKMARK [2][-]{subsection.36}{\376\377\000Y\000o\000l\000O\000O\000D}{section.30}% 12
\BOOKMARK [1][-]{section.45}{\376\377\000D\000a\000t\000a\000s\000e\000t\000s}{}% 13
\BOOKMARK [1][-]{section.52}{\376\377\000E\000x\000p\000e\000r\000i\000m\000e\000n\000t\000s}{}% 14
\BOOKMARK [2][-]{subsection.53}{\376\377\000E\000x\000p\000e\000r\000i\000m\000e\000n\000t\000a\000l\000\040\000s\000e\000t\000u\000p}{section.52}% 15
\BOOKMARK [2][-]{subsection.57}{\376\377\000O\000O\000D\000\040\000d\000e\000t\000e\000c\000t\000i\000o\000n}{section.52}% 16
\BOOKMARK [2][-]{subsection.60}{\376\377\000E\000v\000a\000l\000u\000a\000t\000i\000o\000n\000\040\000s\000e\000t\000t\000i\000n\000g\000s}{section.52}% 17
\BOOKMARK [2][-]{subsection.66}{\376\377\000R\000e\000s\000u\000l\000t\000s}{section.52}% 18
\BOOKMARK [1][-]{section.68}{\376\377\000C\000o\000n\000c\000l\000u\000s\000i\000o\000n}{}% 19
\BOOKMARK [1][-]{section.69}{\376\377\000F\000u\000t\000u\000r\000e\000\040\000W\000o\000r\000k}{}% 20
